<?xml version="1.0" encoding="UTF-8"?>
<testsuite xmlns:xsi="http://www.w3.org/2001/XMLSchema-instance" xsi:noNamespaceSchemaLocation="https://maven.apache.org/surefire/maven-surefire-plugin/xsd/surefire-test-report.xsd" name="com.ownblog.caelog.CaelogApplicationTests" time="10.562" tests="4" errors="0" skipped="0" failures="0">
  <properties>
[...]
</properties>
  <testcase name="testredis" classname="com.ownblog.caelog.CaelogApplicationTests" time="0.638"/>
  <testcase name="set" classname="com.ownblog.caelog.CaelogApplicationTests" time="3.618"/>
  <testcase name="test" classname="com.ownblog.caelog.CaelogApplicationTests" time="0.008"/>
  <testcase name="contextLoads" classname="com.ownblog.caelog.CaelogApplicationTests" time="1.043"/>
</testsuite>